<?xml version="1.0" encoding="UTF-8"?>
<testsuite xmlns:xsi="http://www.w3.org/2001/XMLSchema-instance" xsi:noNamespaceSchemaLocation="https://maven.apache.org/surefire/maven-surefire-plugin/xsd/surefire-test-report.xsd" name="uoa.assignment1.character.CharacterTests" time="0.123" tests="9" errors="0" skipped="0" failures="1">
  <properties>
[...]
</properties>
  <testcase name="checkMonsterClassFailedfulAttack" classname="uoa.assignment1.character.CharacterTests" time="0.005"/>
  <testcase name="checkIfMonsterDecidesRandomly" classname="uoa.assignment1.character.CharacterTests" time="0.019">
    <failure message="&amp;#27;[47m&amp;#27;[30mMake sure the class Monster contains a method decideMove() as per T4.2 and all previous tasks have been completed.&amp;#27;[0mjava.lang.AssertionError: &amp;#27;[47m&amp;#27;[30mIs your method Monster.decideMove() really random Our test on 100k tries shows that these many decisions were generated for each category up:0 down:0 left:0 right:0 See task 1.5 instructions&amp;#27;[0m" type="java.lang.AssertionError"><![CDATA[java.lang.AssertionError: &amp#27;[47m&amp#27;[30mMake sure the class Monster contains a method decideMove() as per T4.2 and all previous tasks have been completed.&amp#27;[0mjava.lang.AssertionError: &amp#27;[47m&amp#27;[30mIs your method Monster.decideMove() really random Our test on 100k tries shows that these many decisions were generated for each category up:0 down:0 left:0 right:0 See task 1.5 instructions&amp#27;[0m
	at uoa.assignment1.character.CharacterTests.checkIfMonsterDecidesRandomly(CharacterTests.java:325)
]]></failure>
  </testcase>
  <testcase name="checkHealthFunctionality" classname="uoa.assignment1.character.CharacterTests" time="0.001"/>
  <testcase name="checkIfPlayerDefenceLooksRandom" classname="uoa.assignment1.character.CharacterTests" time="0.017"/>
  <testcase name="checkIfMonsterDefenceLooksRandom" classname="uoa.assignment1.character.CharacterTests" time="0.014"/>
  <testcase name="checkPlayerClassSuccesfulAttack" classname="uoa.assignment1.character.CharacterTests" time="0.001"/>
  <testcase name="checkMonsterClassSuccesfulAttack" classname="uoa.assignment1.character.CharacterTests" time="0"/>
  <testcase name="checkSayName" classname="uoa.assignment1.character.CharacterTests" time="0.001"/>
  <testcase name="checkPlayerClassFailedfulAttack" classname="uoa.assignment1.character.CharacterTests" time="0"/>
</testsuite>