<?xml version="1.0" encoding="UTF-8"?>
<testsuite xmlns:xsi="http://www.w3.org/2001/XMLSchema-instance" xsi:noNamespaceSchemaLocation="https://maven.apache.org/surefire/maven-surefire-plugin/xsd/surefire-test-report.xsd" name="uoa.assignment1.game.GameTests" time="2.327" tests="16" errors="0" skipped="0" failures="9">
  <properties>
[...]
</properties>
  <testcase name="checkMarkingKilledMonster" classname="uoa.assignment1.game.GameTests" time="0.009">
    <failure message="&amp;#27;[47m&amp;#27;[30mSomething is not right. It seems that it is not possible to kill a monster...   Check Task 5.2&amp;#27;[0mjava.lang.AssertionError" type="java.lang.AssertionError"><![CDATA[java.lang.AssertionError: &amp#27;[47m&amp#27;[30mSomething is not right. It seems that it is not possible to kill a monster...   Check Task 5.2&amp#27;[0mjava.lang.AssertionError
	at uoa.assignment1.game.GameTests.checkMarkingKilledMonster(GameTests.java:641)
]]></failure>
  </testcase>
  <testcase name="checkMoveCharacterFull" classname="uoa.assignment1.game.GameTests" time="0">
    <failure message="&amp;#27;[47m&amp;#27;[30mSomething is not right.  Check Task 3.4&amp;#27;[0mjava.lang.AssertionError: expected:&lt;8&gt; but was:&lt;9&gt;" type="java.lang.AssertionError"><![CDATA[java.lang.AssertionError: &amp#27;[47m&amp#27;[30mSomething is not right.  Check Task 3.4&amp#27;[0mjava.lang.AssertionError: expected:<8> but was:<9>
	at uoa.assignment1.game.GameTests.checkMoveCharacterFull(GameTests.java:401)
]]></failure>
  </testcase>
  <testcase name="checkEndGame" classname="uoa.assignment1.game.GameTests" time="0.024">
    <failure message="&amp;#27;[47m&amp;#27;[30mSomething is not right. It seems that it is not possible to win or lose the game.   Check Task 5.5&amp;#27;[0mjava.lang.AssertionError" type="java.lang.AssertionError"><![CDATA[java.lang.AssertionError: &amp#27;[47m&amp#27;[30mSomething is not right. It seems that it is not possible to win or lose the game.   Check Task 5.5&amp#27;[0mjava.lang.AssertionError
	at uoa.assignment1.game.GameTests.checkEndGame(GameTests.java:684)
]]></failure>
  </testcase>
  <testcase name="checkCharactersArray" classname="uoa.assignment1.game.GameTests" time="0"/>
  <testcase name="checkPlayerAndMonsterPositionInLayout" classname="uoa.assignment1.game.GameTests" time="0"/>
  <testcase name="checkLayoutInitialization" classname="uoa.assignment1.game.GameTests" time="0"/>
  <testcase name="checkHealthInformationPrinted" classname="uoa.assignment1.game.GameTests" time="0.014">
    <failure message="&amp;#27;[47m&amp;#27;[30mSomething is not right. Are you printing the health information    Check Task 5.1&amp;#27;[0mjava.lang.AssertionError: expected:&lt;1&gt; but was:&lt;0&gt;" type="java.lang.AssertionError"><![CDATA[java.lang.AssertionError: &amp#27;[47m&amp#27;[30mSomething is not right. Are you printing the health information    Check Task 5.1&amp#27;[0mjava.lang.AssertionError: expected:<1> but was:<0>
	at uoa.assignment1.game.GameTests.checkHealthInformationPrinted(GameTests.java:547)
]]></failure>
  </testcase>
  <testcase name="checkMoveCharacter" classname="uoa.assignment1.game.GameTests" time="0.125"/>
  <testcase name="checkMoveToOccupiedField" classname="uoa.assignment1.game.GameTests" time="0.001">
    <failure message="&amp;#27;[47m&amp;#27;[30mSomething is not right.    Check Task 4.4&amp;#27;[0mjava.lang.AssertionError" type="java.lang.AssertionError"><![CDATA[java.lang.AssertionError: &amp#27;[47m&amp#27;[30mSomething is not right.    Check Task 4.4&amp#27;[0mjava.lang.AssertionError
	at uoa.assignment1.game.GameTests.checkMoveToOccupiedField(GameTests.java:517)
]]></failure>
  </testcase>
  <testcase name="checkRunGameMain" classname="uoa.assignment1.game.GameTests" time="1.012">
    <failure message="&amp;#27;[47m&amp;#27;[30mSomething is not right.  Check Task 3.1&amp;#27;[0mjava.lang.AssertionError: expected:&lt;146&gt; but was:&lt;2&gt;" type="java.lang.AssertionError"><![CDATA[java.lang.AssertionError: &amp#27;[47m&amp#27;[30mSomething is not right.  Check Task 3.1&amp#27;[0mjava.lang.AssertionError: expected:<146> but was:<2>
	at uoa.assignment1.game.GameTests.checkRunGameMain(GameTests.java:238)
]]></failure>
  </testcase>
  <testcase name="checkPlayerAndMonsterPosition" classname="uoa.assignment1.game.GameTests" time="0"/>
  <testcase name="checkKillingPlayer" classname="uoa.assignment1.game.GameTests" time="0.016">
    <failure message="&amp;#27;[47m&amp;#27;[30mSomething is not right. It seems that monster can&apos;t kill the player...   Check Task 5.3&amp;#27;[0mjava.lang.AssertionError" type="java.lang.AssertionError"><![CDATA[java.lang.AssertionError: &amp#27;[47m&amp#27;[30mSomething is not right. It seems that monster can't kill the player...   Check Task 5.3&amp#27;[0mjava.lang.AssertionError
	at uoa.assignment1.game.GameTests.checkKillingPlayer(GameTests.java:606)
]]></failure>
  </testcase>
  <testcase name="checkRunGameMainWithUserInput" classname="uoa.assignment1.game.GameTests" time="1.012"/>
  <testcase name="checkMoveOfPlayers" classname="uoa.assignment1.game.GameTests" time="0.088"/>
  <testcase name="checkKillingMonster" classname="uoa.assignment1.game.GameTests" time="0.017">
    <failure message="&amp;#27;[47m&amp;#27;[30mSomething is not right. It seems that it is not possible to kill a monster...   Check Task 5.2&amp;#27;[0mjava.lang.AssertionError" type="java.lang.AssertionError"><![CDATA[java.lang.AssertionError: &amp#27;[47m&amp#27;[30mSomething is not right. It seems that it is not possible to kill a monster...   Check Task 5.2&amp#27;[0mjava.lang.AssertionError
	at uoa.assignment1.game.GameTests.checkKillingMonster(GameTests.java:576)
]]></failure>
  </testcase>
  <testcase name="checkMoveIntoWall" classname="uoa.assignment1.game.GameTests" time="0.002">
    <failure message="&amp;#27;[47m&amp;#27;[30mSomething is not right.  Check Task 4.1&amp;#27;[0mjava.lang.AssertionError" type="java.lang.AssertionError"><![CDATA[java.lang.AssertionError: &amp#27;[47m&amp#27;[30mSomething is not right.  Check Task 4.1&amp#27;[0mjava.lang.AssertionError
	at uoa.assignment1.game.GameTests.checkMoveIntoWall(GameTests.java:450)
]]></failure>
  </testcase>
</testsuite>