<?xml version="1.0" encoding="UTF-8"?>
<testsuite xmlns:xsi="http://www.w3.org/2001/XMLSchema-instance" xsi:noNamespaceSchemaLocation="https://maven.apache.org/surefire/maven-surefire-plugin/xsd/surefire-test-report.xsd" name="uoa.assignment1.game.GameTests" time="2.327" tests="16" errors="0" skipped="0" failures="9">
  <properties>
    <property name="sun.desktop" value="windows"/>
    <property name="awt.toolkit" value="sun.awt.windows.WToolkit"/>
    <property name="java.specification.version" value="11"/>
    <property name="sun.cpu.isalist" value="amd64"/>
    <property name="sun.jnu.encoding" value="Cp1252"/>
    <property name="java.class.path" value="C:\Git\JavaAdventureGame\target\test-classes;C:\Git\JavaAdventureGame\target\classes;C:\Users\Kronos\.m2\repository\junit\junit\4.11\junit-4.11.jar;C:\Users\Kronos\.m2\repository\org\hamcrest\hamcrest-core\1.3\hamcrest-core-1.3.jar;"/>
    <property name="java.vm.vendor" value="Oracle Corporation"/>
    <property name="sun.arch.data.model" value="64"/>
    <property name="user.variant" value=""/>
    <property name="java.vendor.url" value="https://openjdk.java.net/"/>
    <property name="user.timezone" value="Europe/London"/>
    <property name="java.vm.specification.version" value="11"/>
    <property name="os.name" value="Windows 10"/>
    <property name="sun.java.launcher" value="SUN_STANDARD"/>
    <property name="user.country" value="GB"/>
    <property name="sun.boot.library.path" value="C:\Program Files\Java\jdk-11.0.13\bin"/>
    <property name="sun.java.command" value="C:\Users\Kronos\AppData\Local\Temp\surefire8229869819492929025\surefirebooter16303606671646619986.jar C:\Users\Kronos\AppData\Local\Temp\surefire8229869819492929025 2021-11-15T00-23-44_635-jvmRun1 surefire16858774811675290083tmp surefire_013848182759968894858tmp"/>
    <property name="jdk.debug" value="release"/>
    <property name="surefire.test.class.path" value="C:\Git\JavaAdventureGame\target\test-classes;C:\Git\JavaAdventureGame\target\classes;C:\Users\Kronos\.m2\repository\junit\junit\4.11\junit-4.11.jar;C:\Users\Kronos\.m2\repository\org\hamcrest\hamcrest-core\1.3\hamcrest-core-1.3.jar;"/>
    <property name="sun.cpu.endian" value="little"/>
    <property name="user.home" value="C:\Users\Kronos"/>
    <property name="user.language" value="en"/>
    <property name="java.specification.vendor" value="Oracle Corporation"/>
    <property name="java.version.date" value="2021-10-19"/>
    <property name="java.home" value="C:\Program Files\Java\jdk-11.0.13"/>
    <property name="file.separator" value="\"/>
    <property name="basedir" value="C:\Git\JavaAdventureGame"/>
    <property name="java.vm.compressedOopsMode" value="32-bit"/>
    <property name="line.separator" value="&#10;"/>
    <property name="java.specification.name" value="Java Platform API Specification"/>
    <property name="java.vm.specification.vendor" value="Oracle Corporation"/>
    <property name="java.awt.graphicsenv" value="sun.awt.Win32GraphicsEnvironment"/>
    <property name="surefire.real.class.path" value="C:\Users\Kronos\AppData\Local\Temp\surefire8229869819492929025\surefirebooter16303606671646619986.jar"/>
    <property name="user.script" value=""/>
    <property name="sun.management.compiler" value="HotSpot 64-Bit Tiered Compilers"/>
    <property name="java.runtime.version" value="11.0.13+10-LTS-370"/>
    <property name="user.name" value="Kronos"/>
    <property name="path.separator" value=";"/>
    <property name="os.version" value="10.0"/>
    <property name="java.runtime.name" value="Java(TM) SE Runtime Environment"/>
    <property name="file.encoding" value="Cp1252"/>
    <property name="java.vm.name" value="Java HotSpot(TM) 64-Bit Server VM"/>
    <property name="java.vendor.version" value="18.9"/>
    <property name="localRepository" value="C:\Users\Kronos\.m2\repository"/>
    <property name="java.vendor.url.bug" value="https://bugreport.java.com/bugreport/"/>
    <property name="java.io.tmpdir" value="C:\Users\Kronos\AppData\Local\Temp\"/>
    <property name="java.version" value="11.0.13"/>
    <property name="user.dir" value="C:\Git\JavaAdventureGame"/>
    <property name="os.arch" value="amd64"/>
    <property name="java.vm.specification.name" value="Java Virtual Machine Specification"/>
    <property name="java.awt.printerjob" value="sun.awt.windows.WPrinterJob"/>
    <property name="sun.os.patch.level" value=""/>
    <property name="java.library.path" value="C:\Program Files\Java\jdk-11.0.13\bin;C:\WINDOWS\Sun\Java\bin;C:\WINDOWS\system32;C:\WINDOWS;C:\Program Files\Common Files\Oracle\Java\javapath;C:\Windows\system32;C:\Windows;C:\Windows\System32\Wbem;C:\Windows\System32\WindowsPowerShell\v1.0\;C:\Windows\System32\OpenSSH\;C:\Program Files\NVIDIA Corporation\NVIDIA NvDLISR;C:\Program Files (x86)\NVIDIA Corporation\PhysX\Common;C:\WINDOWS\system32;C:\WINDOWS;C:\WINDOWS\System32\Wbem;C:\WINDOWS\System32\WindowsPowerShell\v1.0\;C:\WINDOWS\System32\OpenSSH\;C:\Program Files\nodejs\;C:\Program Files\Git\cmd;C:\Program Files (x86)\Calibre2\;C:\Ruby30-x64\bin;C:\Users\Kronos\AppData\Local\Microsoft\WindowsApps;C:\Users\Kronos\AppData\Local\Programs\Microsoft VS Code\bin;C:\Users\Kronos\AppData\Roaming\npm;C:\Program Files\Common Files\apache-maven-3.8.3\bin;;."/>
    <property name="java.vendor" value="Oracle Corporation"/>
    <property name="java.vm.info" value="mixed mode"/>
    <property name="java.vm.version" value="11.0.13+10-LTS-370"/>
    <property name="sun.io.unicode.encoding" value="UnicodeLittle"/>
    <property name="java.class.version" value="55.0"/>
  </properties>
  <testcase name="checkMarkingKilledMonster" classname="uoa.assignment1.game.GameTests" time="0.009">
    <failure message="&amp;#27;[47m&amp;#27;[30mSomething is not right. It seems that it is not possible to kill a monster...   Check Task 5.2&amp;#27;[0mjava.lang.AssertionError" type="java.lang.AssertionError"><![CDATA[java.lang.AssertionError: &amp#27;[47m&amp#27;[30mSomething is not right. It seems that it is not possible to kill a monster...   Check Task 5.2&amp#27;[0mjava.lang.AssertionError
	at uoa.assignment1.game.GameTests.checkMarkingKilledMonster(GameTests.java:641)
]]></failure>
  </testcase>
  <testcase name="checkMoveCharacterFull" classname="uoa.assignment1.game.GameTests" time="0">
    <failure message="&amp;#27;[47m&amp;#27;[30mSomething is not right.  Check Task 3.4&amp;#27;[0mjava.lang.AssertionError: expected:&lt;8&gt; but was:&lt;9&gt;" type="java.lang.AssertionError"><![CDATA[java.lang.AssertionError: &amp#27;[47m&amp#27;[30mSomething is not right.  Check Task 3.4&amp#27;[0mjava.lang.AssertionError: expected:<8> but was:<9>
	at uoa.assignment1.game.GameTests.checkMoveCharacterFull(GameTests.java:401)
]]></failure>
  </testcase>
  <testcase name="checkEndGame" classname="uoa.assignment1.game.GameTests" time="0.024">
    <failure message="&amp;#27;[47m&amp;#27;[30mSomething is not right. It seems that it is not possible to win or lose the game.   Check Task 5.5&amp;#27;[0mjava.lang.AssertionError" type="java.lang.AssertionError"><![CDATA[java.lang.AssertionError: &amp#27;[47m&amp#27;[30mSomething is not right. It seems that it is not possible to win or lose the game.   Check Task 5.5&amp#27;[0mjava.lang.AssertionError
	at uoa.assignment1.game.GameTests.checkEndGame(GameTests.java:684)
]]></failure>
  </testcase>
  <testcase name="checkCharactersArray" classname="uoa.assignment1.game.GameTests" time="0"/>
  <testcase name="checkPlayerAndMonsterPositionInLayout" classname="uoa.assignment1.game.GameTests" time="0"/>
  <testcase name="checkLayoutInitialization" classname="uoa.assignment1.game.GameTests" time="0"/>
  <testcase name="checkHealthInformationPrinted" classname="uoa.assignment1.game.GameTests" time="0.014">
    <failure message="&amp;#27;[47m&amp;#27;[30mSomething is not right. Are you printing the health information    Check Task 5.1&amp;#27;[0mjava.lang.AssertionError: expected:&lt;1&gt; but was:&lt;0&gt;" type="java.lang.AssertionError"><![CDATA[java.lang.AssertionError: &amp#27;[47m&amp#27;[30mSomething is not right. Are you printing the health information    Check Task 5.1&amp#27;[0mjava.lang.AssertionError: expected:<1> but was:<0>
	at uoa.assignment1.game.GameTests.checkHealthInformationPrinted(GameTests.java:547)
]]></failure>
  </testcase>
  <testcase name="checkMoveCharacter" classname="uoa.assignment1.game.GameTests" time="0.125"/>
  <testcase name="checkMoveToOccupiedField" classname="uoa.assignment1.game.GameTests" time="0.001">
    <failure message="&amp;#27;[47m&amp;#27;[30mSomething is not right.    Check Task 4.4&amp;#27;[0mjava.lang.AssertionError" type="java.lang.AssertionError"><![CDATA[java.lang.AssertionError: &amp#27;[47m&amp#27;[30mSomething is not right.    Check Task 4.4&amp#27;[0mjava.lang.AssertionError
	at uoa.assignment1.game.GameTests.checkMoveToOccupiedField(GameTests.java:517)
]]></failure>
  </testcase>
  <testcase name="checkRunGameMain" classname="uoa.assignment1.game.GameTests" time="1.012">
    <failure message="&amp;#27;[47m&amp;#27;[30mSomething is not right.  Check Task 3.1&amp;#27;[0mjava.lang.AssertionError: expected:&lt;146&gt; but was:&lt;2&gt;" type="java.lang.AssertionError"><![CDATA[java.lang.AssertionError: &amp#27;[47m&amp#27;[30mSomething is not right.  Check Task 3.1&amp#27;[0mjava.lang.AssertionError: expected:<146> but was:<2>
	at uoa.assignment1.game.GameTests.checkRunGameMain(GameTests.java:238)
]]></failure>
  </testcase>
  <testcase name="checkPlayerAndMonsterPosition" classname="uoa.assignment1.game.GameTests" time="0"/>
  <testcase name="checkKillingPlayer" classname="uoa.assignment1.game.GameTests" time="0.016">
    <failure message="&amp;#27;[47m&amp;#27;[30mSomething is not right. It seems that monster can&apos;t kill the player...   Check Task 5.3&amp;#27;[0mjava.lang.AssertionError" type="java.lang.AssertionError"><![CDATA[java.lang.AssertionError: &amp#27;[47m&amp#27;[30mSomething is not right. It seems that monster can't kill the player...   Check Task 5.3&amp#27;[0mjava.lang.AssertionError
	at uoa.assignment1.game.GameTests.checkKillingPlayer(GameTests.java:606)
]]></failure>
  </testcase>
  <testcase name="checkRunGameMainWithUserInput" classname="uoa.assignment1.game.GameTests" time="1.012"/>
  <testcase name="checkMoveOfPlayers" classname="uoa.assignment1.game.GameTests" time="0.088"/>
  <testcase name="checkKillingMonster" classname="uoa.assignment1.game.GameTests" time="0.017">
    <failure message="&amp;#27;[47m&amp;#27;[30mSomething is not right. It seems that it is not possible to kill a monster...   Check Task 5.2&amp;#27;[0mjava.lang.AssertionError" type="java.lang.AssertionError"><![CDATA[java.lang.AssertionError: &amp#27;[47m&amp#27;[30mSomething is not right. It seems that it is not possible to kill a monster...   Check Task 5.2&amp#27;[0mjava.lang.AssertionError
	at uoa.assignment1.game.GameTests.checkKillingMonster(GameTests.java:576)
]]></failure>
  </testcase>
  <testcase name="checkMoveIntoWall" classname="uoa.assignment1.game.GameTests" time="0.002">
    <failure message="&amp;#27;[47m&amp;#27;[30mSomething is not right.  Check Task 4.1&amp;#27;[0mjava.lang.AssertionError" type="java.lang.AssertionError"><![CDATA[java.lang.AssertionError: &amp#27;[47m&amp#27;[30mSomething is not right.  Check Task 4.1&amp#27;[0mjava.lang.AssertionError
	at uoa.assignment1.game.GameTests.checkMoveIntoWall(GameTests.java:450)
]]></failure>
  </testcase>
</testsuite>